Build started 11/5/2015 7:15:02 PM.
     1>Project "c:\Users\Xylch\documents\visual studio 2015\Projects\siren-detection\siren-detection\siren-detection.vcxproj" on node 2 (Build target(s)).
     1>ClCompile:
         C:\Program Files (x86)\Microsoft Visual Studio 14.0\VC\bin\CL.exe /c /I"C:\Users\Xylch\Documents\Visual Studio 2015\Projects\siren-detection\siren-detection\essentia-2.0.1\src\algorithms" /I"C:\Users\Xylch\Documents\Visual Studio 2015\Projects\siren-detection\siren-detection\essentia-2.0.1\src\essentia" /Zi /nologo /W3 /WX- /sdl /O2 /Oi /Oy- /GL /D WIN32 /D NDEBUG /D _CONSOLE /D _UNICODE /D UNICODE /Gm- /EHsc /MD /GS /Gy /fp:precise /Zc:wchar_t /Zc:forScope /Zc:inline /Fo"Release\\" /Fd"Release\vc140.pdb" /Gd /TP /analyze- /errorReport:prompt "siren-detection.cpp"
         siren-detection.cpp
     1>c:\users\xylch\documents\visual studio 2015\projects\siren-detection\siren-detection\essentia-2.0.1\src\essentia\config.h(133): error C2888: 'bool isnan(_Ty) throw()': symbol cannot be defined within namespace 'std'
     1>c:\users\xylch\documents\visual studio 2015\projects\siren-detection\siren-detection\essentia-2.0.1\src\essentia\config.h(133): error C2995: 'bool isnan(_Ty) throw()': function template has already been defined
         C:\Program Files (x86)\Windows Kits\10\Include\10.0.10150.0\ucrt\math.h(401): note: see declaration of 'isnan'
     1>c:\users\xylch\documents\visual studio 2015\projects\siren-detection\siren-detection\essentia-2.0.1\src\essentia\config.h(137): error C2888: 'bool isinf(_Ty) throw()': symbol cannot be defined within namespace 'std'
     1>c:\users\xylch\documents\visual studio 2015\projects\siren-detection\siren-detection\essentia-2.0.1\src\essentia\config.h(137): error C2995: 'bool isinf(_Ty) throw()': function template has already been defined
         C:\Program Files (x86)\Windows Kits\10\Include\10.0.10150.0\ucrt\math.h(395): note: see declaration of 'isinf'
     1>Done Building Project "c:\Users\Xylch\documents\visual studio 2015\Projects\siren-detection\siren-detection\siren-detection.vcxproj" (Build target(s)) -- FAILED.

Build FAILED.

Time Elapsed 00:00:01.00
